
*** Running vivado
    with args -log washMachine.vds -m64 -product Vivado -mode batch -messageDb vivado.pb -notrace -source washMachine.tcl



****** Vivado v2022.1 (64-bit)
  **** SW Build 3526262 on Mon Apr 18 15:48:16 MDT 2022
  **** IP Build 3524634 on Mon Apr 18 20:55:01 MDT 2022
    ** Copyright 1986-2022 Xilinx, Inc. All Rights Reserved.

source washMachine.tcl -notrace
Command: read_checkpoint -auto_incremental -incremental C:/Users/kli007/wash/wash.srcs/utils_1/imports/synth_1/chainBlink.dcp
INFO: [Vivado 12-5825] Read reference checkpoint from C:/Users/kli007/wash/wash.srcs/utils_1/imports/synth_1/chainBlink.dcp for incremental synthesis
INFO: [Vivado 12-7989] Please ensure there are no constraint changes
Command: synth_design -top washMachine -part xc7a35tcpg236-1
Starting synth_design
Attempting to get a license for feature 'Synthesis' and/or device 'xc7a35t'
INFO: [Common 17-349] Got license for feature 'Synthesis' and/or device 'xc7a35t'
INFO: [Device 21-403] Loading part xc7a35tcpg236-1
INFO: [Designutils 20-5440] No compile time benefit to using incremental synthesis; A full resynthesis will be run
INFO: [Designutils 20-4379] Flow is switching to default flow due to incremental criteria not met. If you would like to alter this behaviour and have the flow terminate instead, please set the following parameter config_implementation {autoIncr.Synth.RejectBehavior Terminate}
INFO: [Synth 8-7079] Multithreading enabled for synth_design using a maximum of 2 processes.
INFO: [Synth 8-7078] Launching helper process for spawning children vivado processes
INFO: [Synth 8-7075] Helper process launched with PID 7656
---------------------------------------------------------------------------------
Starting RTL Elaboration : Time (s): cpu = 00:00:02 ; elapsed = 00:00:05 . Memory (MB): peak = 1277.492 ; gain = 0.000
---------------------------------------------------------------------------------
INFO: [Synth 8-6157] synthesizing module 'washMachine' [C:/Users/kli007/Downloads/wash.v:3]
INFO: [Synth 8-6157] synthesizing module 'chainBlink' [C:/Users/kli007/wash/wash.srcs/sources_1/new/blink.v:1]
INFO: [Synth 8-6155] done synthesizing module 'chainBlink' (0#1) [C:/Users/kli007/wash/wash.srcs/sources_1/new/blink.v:1]
INFO: [Synth 8-155] case statement is not full and has no default [C:/Users/kli007/Downloads/wash.v:105]
INFO: [Synth 8-155] case statement is not full and has no default [C:/Users/kli007/Downloads/wash.v:127]
INFO: [Synth 8-6155] done synthesizing module 'washMachine' (0#1) [C:/Users/kli007/Downloads/wash.v:3]
---------------------------------------------------------------------------------
Finished RTL Elaboration : Time (s): cpu = 00:00:03 ; elapsed = 00:00:07 . Memory (MB): peak = 1277.492 ; gain = 0.000
---------------------------------------------------------------------------------
---------------------------------------------------------------------------------
Start Handling Custom Attributes
---------------------------------------------------------------------------------
---------------------------------------------------------------------------------
Finished Handling Custom Attributes : Time (s): cpu = 00:00:03 ; elapsed = 00:00:07 . Memory (MB): peak = 1277.492 ; gain = 0.000
---------------------------------------------------------------------------------
---------------------------------------------------------------------------------
Finished RTL Optimization Phase 1 : Time (s): cpu = 00:00:03 ; elapsed = 00:00:07 . Memory (MB): peak = 1277.492 ; gain = 0.000
---------------------------------------------------------------------------------
Netlist sorting complete. Time (s): cpu = 00:00:00 ; elapsed = 00:00:00.005 . Memory (MB): peak = 1277.492 ; gain = 0.000
INFO: [Project 1-570] Preparing netlist for logic optimization

Processing XDC Constraints
Initializing timing engine
Parsing XDC File [C:/Users/kli007/Downloads/Basys-3-Master.xdc]
Finished Parsing XDC File [C:/Users/kli007/Downloads/Basys-3-Master.xdc]
INFO: [Project 1-236] Implementation specific constraints were found while reading constraint file [C:/Users/kli007/Downloads/Basys-3-Master.xdc]. These constraints will be ignored for synthesis but will be used in implementation. Impacted constraints are listed in the file [.Xil/washMachine_propImpl.xdc].
Resolution: To avoid this warning, move constraints listed in [.Xil/washMachine_propImpl.xdc] to another XDC file and exclude this new file from synthesis with the used_in_synthesis property (File Properties dialog in GUI) and re-run elaboration/synthesis.
Completed Processing XDC Constraints

Netlist sorting complete. Time (s): cpu = 00:00:00 ; elapsed = 00:00:00 . Memory (MB): peak = 1277.492 ; gain = 0.000
INFO: [Project 1-111] Unisim Transformation Summary:
No Unisim elements were transformed.

Constraint Validation Runtime : Time (s): cpu = 00:00:00 ; elapsed = 00:00:00.015 . Memory (MB): peak = 1277.492 ; gain = 0.000
INFO: [Designutils 20-5440] No compile time benefit to using incremental synthesis; A full resynthesis will be run
INFO: [Designutils 20-4379] Flow is switching to default flow due to incremental criteria not met. If you would like to alter this behaviour and have the flow terminate instead, please set the following parameter config_implementation {autoIncr.Synth.RejectBehavior Terminate}
---------------------------------------------------------------------------------
Finished Constraint Validation : Time (s): cpu = 00:00:08 ; elapsed = 00:00:17 . Memory (MB): peak = 1277.492 ; gain = 0.000
---------------------------------------------------------------------------------
---------------------------------------------------------------------------------
Start Loading Part and Timing Information
---------------------------------------------------------------------------------
Loading part: xc7a35tcpg236-1
---------------------------------------------------------------------------------
Finished Loading Part and Timing Information : Time (s): cpu = 00:00:08 ; elapsed = 00:00:17 . Memory (MB): peak = 1277.492 ; gain = 0.000
---------------------------------------------------------------------------------
---------------------------------------------------------------------------------
Start Applying 'set_property' XDC Constraints
---------------------------------------------------------------------------------
---------------------------------------------------------------------------------
Finished applying 'set_property' XDC Constraints : Time (s): cpu = 00:00:08 ; elapsed = 00:00:17 . Memory (MB): peak = 1277.492 ; gain = 0.000
---------------------------------------------------------------------------------
INFO: [Synth 8-802] inferred FSM for state register 'state_reg' in module 'chainBlink'
INFO: [Synth 8-802] inferred FSM for state register 'state_reg' in module 'washMachine'
INFO: [Synth 8-802] inferred FSM for state register 'digit_reg' in module 'washMachine'
---------------------------------------------------------------------------------------------------
                   State |                     New Encoding |                Previous Encoding 
---------------------------------------------------------------------------------------------------
*
                  iSTATE |                 0000001000000000 |                 0000001000000000
                 iSTATE3 |                 0000010000000000 |                 0000010000000000
                 iSTATE9 |                 0000100000000000 |                 0000100000000000
                 iSTATE5 |                 0001000000000000 |                 0001000000000000
                iSTATE14 |                 0010000000000000 |                 0010000000000000
                iSTATE11 |                 0100000000000000 |                 0100000000000000
                 iSTATE7 |                 1000000000000000 |                 1000000000000000
                iSTATE10 |                 0000000000000001 |                 0000000000000001
                 iSTATE4 |                 0000000000000010 |                 0000000000000010
                iSTATE13 |                 0000000000000100 |                 0000000000000100
                iSTATE12 |                 0000000000001000 |                 0000000000001000
                 iSTATE6 |                 0000000000010000 |                 0000000000010000
                 iSTATE0 |                 0000000000100000 |                 0000000000100000
                 iSTATE8 |                 0000000001000000 |                 0000000001000000
                 iSTATE2 |                 0000000010000000 |                 0000000010000000
                 iSTATE1 |                 0000000100000000 |                 0000000100000000
---------------------------------------------------------------------------------------------------
INFO: [Synth 8-3898] No Re-encoding of one hot register 'state_reg' in module 'chainBlink'
---------------------------------------------------------------------------------------------------
                   State |                     New Encoding |                Previous Encoding 
---------------------------------------------------------------------------------------------------
                  iSTATE |                              001 |                               00
                 iSTATE0 |                              010 |                               01
                 iSTATE1 |                              100 |                               10
---------------------------------------------------------------------------------------------------
INFO: [Synth 8-3354] encoded FSM with state register 'digit_reg' using encoding 'one-hot' in module 'washMachine'
---------------------------------------------------------------------------------------------------
                   State |                     New Encoding |                Previous Encoding 
---------------------------------------------------------------------------------------------------
*
                  iSTATE |                            00001 |                            00001
                 iSTATE3 |                            00010 |                            00010
                 iSTATE0 |                            00100 |                            00100
                 iSTATE1 |                            01000 |                            01000
                 iSTATE2 |                            10000 |                            10000
---------------------------------------------------------------------------------------------------
INFO: [Synth 8-3898] No Re-encoding of one hot register 'state_reg' in module 'washMachine'
WARNING: [Synth 8-327] inferring latch for variable 'seg_reg' [C:/Users/kli007/Downloads/wash.v:128]
---------------------------------------------------------------------------------
Finished RTL Optimization Phase 2 : Time (s): cpu = 00:00:08 ; elapsed = 00:00:18 . Memory (MB): peak = 1277.492 ; gain = 0.000
---------------------------------------------------------------------------------
---------------------------------------------------------------------------------
Start RTL Component Statistics 
---------------------------------------------------------------------------------
Detailed RTL Component Info : 
+---Adders : 
	   2 Input   36 Bit       Adders := 1     
	   2 Input   25 Bit       Adders := 1     
	   2 Input   16 Bit       Adders := 1     
	   2 Input    4 Bit       Adders := 1     
+---Registers : 
	               36 Bit    Registers := 1     
	               25 Bit    Registers := 1     
	               16 Bit    Registers := 3     
	                4 Bit    Registers := 3     
	                2 Bit    Registers := 1     
+---Muxes : 
	   2 Input   36 Bit        Muxes := 1     
	   2 Input   25 Bit        Muxes := 1     
	  17 Input   16 Bit        Muxes := 1     
	   2 Input   16 Bit        Muxes := 1     
	   5 Input   16 Bit        Muxes := 1     
	   6 Input    7 Bit        Muxes := 1     
	   2 Input    7 Bit        Muxes := 1     
	   6 Input    5 Bit        Muxes := 1     
	   2 Input    5 Bit        Muxes := 1     
	   2 Input    4 Bit        Muxes := 1     
	   3 Input    4 Bit        Muxes := 2     
	   2 Input    3 Bit        Muxes := 1     
	   2 Input    2 Bit        Muxes := 1     
	   6 Input    2 Bit        Muxes := 1     
	   2 Input    1 Bit        Muxes := 7     
	   3 Input    1 Bit        Muxes := 4     
	  17 Input    1 Bit        Muxes := 1     
	   5 Input    1 Bit        Muxes := 1     
	   6 Input    1 Bit        Muxes := 5     
---------------------------------------------------------------------------------
Finished RTL Component Statistics 
---------------------------------------------------------------------------------
---------------------------------------------------------------------------------
Start Part Resource Summary
---------------------------------------------------------------------------------
Part Resources:
DSPs: 90 (col length:60)
BRAMs: 100 (col length: RAMB18 60 RAMB36 30)
---------------------------------------------------------------------------------
Finished Part Resource Summary
---------------------------------------------------------------------------------
---------------------------------------------------------------------------------
Start Cross Boundary and Area Optimization
---------------------------------------------------------------------------------
WARNING: [Synth 8-7080] Parallel synthesis criteria is not met
---------------------------------------------------------------------------------
Finished Cross Boundary and Area Optimization : Time (s): cpu = 00:00:11 ; elapsed = 00:00:22 . Memory (MB): peak = 1277.492 ; gain = 0.000
---------------------------------------------------------------------------------
---------------------------------------------------------------------------------
Start Applying XDC Timing Constraints
---------------------------------------------------------------------------------
---------------------------------------------------------------------------------
Finished Applying XDC Timing Constraints : Time (s): cpu = 00:00:12 ; elapsed = 00:00:26 . Memory (MB): peak = 1277.492 ; gain = 0.000
---------------------------------------------------------------------------------
---------------------------------------------------------------------------------
Start Timing Optimization
---------------------------------------------------------------------------------
---------------------------------------------------------------------------------
Finished Timing Optimization : Time (s): cpu = 00:00:12 ; elapsed = 00:00:27 . Memory (MB): peak = 1277.492 ; gain = 0.000
---------------------------------------------------------------------------------
---------------------------------------------------------------------------------
Start Technology Mapping
---------------------------------------------------------------------------------
---------------------------------------------------------------------------------
Finished Technology Mapping : Time (s): cpu = 00:00:12 ; elapsed = 00:00:27 . Memory (MB): peak = 1277.492 ; gain = 0.000
---------------------------------------------------------------------------------
---------------------------------------------------------------------------------
Start IO Insertion
---------------------------------------------------------------------------------
---------------------------------------------------------------------------------
Start Flattening Before IO Insertion
---------------------------------------------------------------------------------
---------------------------------------------------------------------------------
Finished Flattening Before IO Insertion
---------------------------------------------------------------------------------
---------------------------------------------------------------------------------
Start Final Netlist Cleanup
---------------------------------------------------------------------------------
---------------------------------------------------------------------------------
Finished Final Netlist Cleanup
---------------------------------------------------------------------------------
---------------------------------------------------------------------------------
Finished IO Insertion : Time (s): cpu = 00:00:13 ; elapsed = 00:00:29 . Memory (MB): peak = 1277.492 ; gain = 0.000
---------------------------------------------------------------------------------
---------------------------------------------------------------------------------
Start Renaming Generated Instances
---------------------------------------------------------------------------------
---------------------------------------------------------------------------------
Finished Renaming Generated Instances : Time (s): cpu = 00:00:13 ; elapsed = 00:00:29 . Memory (MB): peak = 1277.492 ; gain = 0.000
---------------------------------------------------------------------------------
---------------------------------------------------------------------------------
Start Rebuilding User Hierarchy
---------------------------------------------------------------------------------
---------------------------------------------------------------------------------
Finished Rebuilding User Hierarchy : Time (s): cpu = 00:00:13 ; elapsed = 00:00:29 . Memory (MB): peak = 1277.492 ; gain = 0.000
---------------------------------------------------------------------------------
---------------------------------------------------------------------------------
Start Renaming Generated Ports
---------------------------------------------------------------------------------
---------------------------------------------------------------------------------
Finished Renaming Generated Ports : Time (s): cpu = 00:00:13 ; elapsed = 00:00:29 . Memory (MB): peak = 1277.492 ; gain = 0.000
---------------------------------------------------------------------------------
---------------------------------------------------------------------------------
Start Handling Custom Attributes
---------------------------------------------------------------------------------
---------------------------------------------------------------------------------
Finished Handling Custom Attributes : Time (s): cpu = 00:00:13 ; elapsed = 00:00:29 . Memory (MB): peak = 1277.492 ; gain = 0.000
---------------------------------------------------------------------------------
---------------------------------------------------------------------------------
Start Renaming Generated Nets
---------------------------------------------------------------------------------
---------------------------------------------------------------------------------
Finished Renaming Generated Nets : Time (s): cpu = 00:00:13 ; elapsed = 00:00:29 . Memory (MB): peak = 1277.492 ; gain = 0.000
---------------------------------------------------------------------------------
---------------------------------------------------------------------------------
Start Writing Synthesis Report
---------------------------------------------------------------------------------

Report BlackBoxes: 
+-+--------------+----------+
| |BlackBox name |Instances |
+-+--------------+----------+
+-+--------------+----------+

Report Cell Usage: 
+------+-------+------+
|      |Cell   |Count |
+------+-------+------+
|1     |BUFG   |     1|
|2     |CARRY4 |    19|
|3     |LUT2   |    22|
|4     |LUT3   |     8|
|5     |LUT4   |    41|
|6     |LUT5   |    29|
|7     |LUT6   |    41|
|8     |FDRE   |   147|
|9     |LD     |     7|
|10    |IBUF   |     3|
|11    |OBUF   |    27|
+------+-------+------+
---------------------------------------------------------------------------------
Finished Writing Synthesis Report : Time (s): cpu = 00:00:13 ; elapsed = 00:00:29 . Memory (MB): peak = 1277.492 ; gain = 0.000
---------------------------------------------------------------------------------
Synthesis finished with 0 errors, 0 critical warnings and 2 warnings.
Synthesis Optimization Runtime : Time (s): cpu = 00:00:08 ; elapsed = 00:00:27 . Memory (MB): peak = 1277.492 ; gain = 0.000
Synthesis Optimization Complete : Time (s): cpu = 00:00:13 ; elapsed = 00:00:29 . Memory (MB): peak = 1277.492 ; gain = 0.000
INFO: [Project 1-571] Translating synthesized netlist
Netlist sorting complete. Time (s): cpu = 00:00:00 ; elapsed = 00:00:00.003 . Memory (MB): peak = 1277.910 ; gain = 0.000
INFO: [Netlist 29-17] Analyzing 26 Unisim elements for replacement
INFO: [Netlist 29-28] Unisim Transformation completed in 0 CPU seconds
INFO: [Project 1-570] Preparing netlist for logic optimization
INFO: [Opt 31-138] Pushed 0 inverter(s) to 0 load pin(s).
Netlist sorting complete. Time (s): cpu = 00:00:00 ; elapsed = 00:00:00 . Memory (MB): peak = 1281.566 ; gain = 0.000
INFO: [Project 1-111] Unisim Transformation Summary:
  A total of 7 instances were transformed.
  LD => LDCE: 7 instances

Synth Design complete, checksum: f8f73fb8
INFO: [Common 17-83] Releasing license: Synthesis
33 Infos, 2 Warnings, 0 Critical Warnings and 0 Errors encountered.
synth_design completed successfully
synth_design: Time (s): cpu = 00:00:15 ; elapsed = 00:00:34 . Memory (MB): peak = 1281.566 ; gain = 4.074
INFO: [Common 17-1381] The checkpoint 'C:/Users/kli007/wash/wash.runs/synth_1/washMachine.dcp' has been generated.
INFO: [runtcl-4] Executing : report_utilization -file washMachine_utilization_synth.rpt -pb washMachine_utilization_synth.pb
INFO: [Common 17-206] Exiting Vivado at Fri May  2 17:43:48 2025...
